<?xml version="1.0" encoding="UTF-8"?>
<!-- Generated by org.testng.reporters.JUnitReportReporter -->
<testsuite skipped="0" hostname="BN5JP13-SRATHOR-XPS13" name="com.functionaltesting.GetResponses" tests="1" failures="0" timestamp="2021-04-13T14:15:18 IST" time="2.154" errors="0">
  <testcase name="getRequest" time="2.154" classname="com.functionaltesting.GetResponses"/>
  <system-out/>
</testsuite> <!-- com.functionaltesting.GetResponses -->
