<?xml version="1.0" encoding="UTF-8"?>
<!-- Generated by org.testng.reporters.JUnitReportReporter -->
<testsuite skipped="0" hostname="BN5JP13-SRATHOR-XPS13" name="com.functionaltesting.GetAutomation" tests="1" failures="0" timestamp="2021-02-16T01:28:40 IST" time="1.739" errors="0">
  <testcase name="getRequest" time="1.739" classname="com.functionaltesting.GetAutomation"/>
  <system-out/>
</testsuite> <!-- com.functionaltesting.GetAutomation -->
