<?xml version="1.0" encoding="UTF-8"?>
<!-- Generated by org.testng.reporters.JUnitReportReporter -->
<testsuite skipped="0" hostname="BN5JP13-SRATHOR-XPS13" name="com.basetest.BaseTest" tests="1" failures="0" timestamp="2021-02-17T02:07:39 IST" time="0.012" errors="0">
  <testcase name="utileTest" time="0.012" classname="com.basetest.BaseTest"/>
  <system-out/>
</testsuite> <!-- com.basetest.BaseTest -->
